c:\users\la0ch\source\repos\vhidmini\driver\x64\debug\vc143.pdb
c:\users\la0ch\source\repos\vhidmini\driver\x64\debug\util.obj
c:\users\la0ch\source\repos\vhidmini\driver\x64\debug\vhidmini.obj
c:\users\la0ch\source\repos\vhidmini\driver\x64\debug\ioctl_kernel.obj
c:\users\la0ch\source\repos\vhidmini\driver\x64\debug\vhidmini.sys
c:\users\la0ch\source\repos\vhidmini\driver\x64\debug\vhidmini.pdb
c:\users\la0ch\source\repos\vhidmini\driver\x64\debug\vhidmini.res
c:\users\la0ch\source\repos\vhidmini\driver\x64\debug\vhidmini.inf
c:\users\la0ch\source\repos\vhidmini\driver\x64\debug\vhidmini.tlog\cl.command.1.tlog
c:\users\la0ch\source\repos\vhidmini\driver\x64\debug\vhidmini.tlog\cl.read.1.tlog
c:\users\la0ch\source\repos\vhidmini\driver\x64\debug\vhidmini.tlog\cl.write.1.tlog
c:\users\la0ch\source\repos\vhidmini\driver\x64\debug\vhidmini.tlog\link.command.1.tlog
c:\users\la0ch\source\repos\vhidmini\driver\x64\debug\vhidmini.tlog\link.read.1.tlog
c:\users\la0ch\source\repos\vhidmini\driver\x64\debug\vhidmini.tlog\link.secondary.1.tlog
c:\users\la0ch\source\repos\vhidmini\driver\x64\debug\vhidmini.tlog\link.write.1.tlog
c:\users\la0ch\source\repos\vhidmini\driver\x64\debug\vhidmini.tlog\rc.command.1.tlog
c:\users\la0ch\source\repos\vhidmini\driver\x64\debug\vhidmini.tlog\rc.read.1.tlog
c:\users\la0ch\source\repos\vhidmini\driver\x64\debug\vhidmini.tlog\rc.write.1.tlog
c:\users\la0ch\source\repos\vhidmini\driver\x64\debug\vhidmini.tlog\stampinf.command.1.tlog
c:\users\la0ch\source\repos\vhidmini\driver\x64\debug\vhidmini.tlog\stampinf.read.1.tlog
c:\users\la0ch\source\repos\vhidmini\driver\x64\debug\vhidmini.tlog\stampinf.write.1.tlog
